0
10
12
20
300
485
500
500
660
1215
1520
1780
1800
2150
2245
2245
2490
2565
2565
2640
2730
2975
3045
3140
3180
3205
3360
3365
3460
3480
3525
3590
3640
3855
3890
4005
4050
4220
4325
4360
4495
4660
4740
4820
4895
4965
5120
5160
5180
5200
5360
5390
5570
5775
5780
5840
5925
5970
6015
6020
6085
6085
6180
6405
6530
6600
6650
6735
6760
6780
6885
6885
6960
7180
7200
7250
7280
7290
7400
7460
7570
7580
7760
7780
7960
7970
8120
8180
8255
8300
8460
8510
8560
8645
8645
8760
8815
8960
9125
9255
9260
9285
9455
9535
9580
9605
9605
9630
9900
10080
10085
10090
10095
10320
10340
10415
10420
10615
10775
10830
10885
11010
11110
11175
11220
11270
11295
11300
11415
11420
11600
11630
11655
11700
11710
11840
11845
11935
12005
12040
12055
12095
12450
12800
12805
12830
12960
12980
13060
13240
13260
13320
13410
13445
13620
13620
13680
13930
14080
14085
14085
14255
14290
14340
14380
14405
14565
14880
14885
14940
14940
14980
15015
15280
15340
15455
15500
15525
15530
15610
15670
15860
15940
15950
16000
16320
16340
16500
16645
16720
16815
16910
16940
17020
17060
17320
17350
17440
17575
17680
17720
17765
17765
17925
18295
18320
18360
18375
18500
18540
18720
18850
18860
19300
19400
19660
19760
19820
20060
20100
20215
20255
20750
20880
21020
21030
21130
21140
21200
21420
21430
21455
21495
21680
21815
22200
22270
22405
22930
22960
23100
23120
23240
23255
23310
23550
23660
23685
23695
23700
23760
23780
23800
23960
24165
24335
24410
24520
24640
24760
24960
25100
25135
25220
25480
25605
25615
25760
25960
25980
26055
26120
26245
26295
26300
26610
26670
26690
26700
26770
26820
26840
26980
27045
27180
27335
27840
27845
27980
28005
28260
28340
28600
28720
28770
28900
29080
29080
29095
29300
29445
29765
29980
30130
30245
30600
30695
30700
30725
30840
30935
30940
31000
31340
31580
31680
31720
31930
31940
31975
32060
32175
32260
32340
32420
32645
32900
32940
32940
33040
33050
33080
33150
33270
33335
33340
33470
33490
33605
33615
33765
33800
33880
33935
33940
34140
34240
34400
34620
34885
34890
35045
35140
35240
35360
35410
35500
35535
35620
35650
35845
35900
36060
36140
36320
36380
36485
36520
36540
36615
36680
36860
36895
36920
36935
37000
37095
37140
37415
37445
37510
37520
37610
37670
37880
38100
38280
38300
38380
38405
38440
38495
38520
38780
38800
39020
39130
39335
39440
39520
39640
39920
40110
40165
40165
40230
40490
40575
40680
40710
40820
40930
40965
41015
41060
41090
41450
41760
42020
42085
42180
42200
42230
42240
42260
42480
42520
42935
43020
43295
43420
43480
43790
44095
44100
44160
44200
44470
44645
44775
45175
45285
45290
45295
45380
45580
45640
45740
45895
45910
46135
46175
46200
46215
46220
46280
46370
46380
46460
46565
46580
46580
46720
46725
46870
46950
47040
47080
47170
47205
47215
47220
47365
47380
47560
47580
47900
48040
48080
48325
48325
48350
48370
48840
48965
49070
49190
49250
49720
49765
49840
50220
50335
50375
50660
50725
50900
51045
51135
51140
51260
51320
51340
51575
51960
51980
52015
52080
52135
52140
52165
52300
52325
52455
52600
52620
52790
52880
53000
53125
53140
53420
53710
53895
53900
53980
54040
54320
54500
54540
54550
54565
54575
54725
54735
54740
54800
54815
54920
55000
55060
55205
55215
55470
55540
55640
55680
55740
55820
55845
55920
56120
56165
56240
56280
56325
56400
56415
56500
56540
56570
56620
56645
56740
56805
56880
56920
56965
56970
57120
57360
57445
57605
57690
57695
57860
57870
57920
57920
58000
58120
58135
58190
58400
58565
58570
58725
58750
58920
59120
59415
59440
59500
59525
59540
59680
59685
59830
59935
60070
60175
60325
60380
60420
60440
60630
60640
60780
60800
60850
60855
60965
61100
61240
61445
61480
61535
61790
61820
61830
61860
61880
61925
61990
62140
62405
62630
62660
62780
62800
62815
63045
63100
63200
63205
63260
63375
63840
63845
63845
63975
64005
64020
64100
64120
64135
64180
64295
64415
64650
64655
64700
64805
65280
65285
65310
65400
65460
65480
65765
65820
66040
66160
66160
66180
66245
66455
66460
66510
66560
66810
66900
67015
67055
67120
67160
67190
67300
67365
67495
67525
67560
67600
67685
67700
68160
68200
68220
68420
68535
68560
68575
68580
68840
68870
69040
69110
69160
69280
69285
69340
69460
69560
69600
69600
69655
69735
69815
69840
70000
70030
70080
70300
70430
70450
70495
70565
70580
70655
70740
70885
70895
70990
71070
71080
71150
71210
71490
71525
71540
71620
71660
71685
71740
71880
72030
72215
72295
72430
72485
72540
72680
72740
72805
72890
72965
73055
73285
73285
73540
73740
73765
73860
73940
73960
74175
74500
74535
74620
74640
74725
74855
74910
74975
75050
75095
75380
75495
75525
75685
75730
75735
75770
75800
75880
75980
76290
76335
76655
76695
76820
76860
77175
77240
77285
77295
77375
77380
77500
77540
77620
77770
77775
77810
78020
78060
78085
78095
78245
78250
78440
78775
79000
79055
79090
79100
79205
79205
79330
79350
79510
79525
79615
79870
79880
79990
80005
80005
80400
80455
80480
80520
80535
80645
80735
80760
80860
81440
81640
81660
81735
82070
82100
82100
82120
82210
82420
82655
82700
82710
83095
83160
83160
83200
83365
83450
83520
83560
83575
83655
84160
84260
84280
84375
84460
84480
84480
84560
84615
84695
84730
84840
84950
85020
85040
85160
85415
85550
85560
85575
85590
85605
85660
85700
85765
85855
85900
85935
86360
86400
86565
86725
86740
87360
87390
87460
87615
87685
87720
87845
88080
88180
88280
88330
88360
88460
88485
88690
88805
88805
88810
88855
88975
88990
89010
89125
89220
89220
89360
89420
89750
89850
89925
90040
90260
90405
90405
90600
90720
90980
91040
91230
91365
91375
91600
91695
91775
91845
91855
91900
92000
92240
92320
92325
92485
92550
92620
92660
92700
93125
93210
93445
93605
93640
93730
93925
94000
94060
94215
94310
94455
94590
94860
94900
95255
95320
95400
95815
95860
95920
96005
96165
96170
96360
96390
96440
96485
97125
97125
97280
97330
97370
97400
97440
97530
97655
97820
97855
97925
97975
98015
98055
98060
98170
98520
98680
98820
98885
98920
99045
99060
99135
99365
99380
99780
99800
99810
99860
99895
99999
